<?xml version="1.0" encoding="UTF-8"?>
<testsuite name="LibraryTest" tests="1" skipped="0" failures="0" errors="0" timestamp="2021-10-17T12:12:48" hostname="LTUCSTDTV-L197" time="0.004">
  <properties/>
  <testcase name="testArrayofArray" classname="LibraryTest" time="0.004"/>
  <system-out><![CDATA[--------------------
 arrayOfArrays Function 

the averages is = 0.0
the averages is = 3.5
the averages is = 3.5
the averages is = 11.0


 The Lowest Average is: 0.0


[0.0, 3.5, 3.5, 11.0]
]]></system-out>
  <system-err><![CDATA[]]></system-err>
</testsuite>
